2025-03-05 01:58:38.070 - Info	
Packing C:\PFC\TransligraPCF\Solution\obj\Release\Metadata to bin\Release\Solution.zip

2025-03-05 01:58:38.070 - Info	Processing Component: Entities
2025-03-05 01:58:38.070 - Info	Processing Component: Roles
2025-03-05 01:58:38.070 - Info	Processing Component: Workflows
2025-03-05 01:58:38.070 - Info	Processing Component: FieldSecurityProfiles
2025-03-05 01:58:38.086 - Info	Processing Component: Templates
2025-03-05 01:58:38.086 - Info	Processing Component: EntityMaps
2025-03-05 01:58:38.086 - Info	Processing Component: EntityRelationships
2025-03-05 01:58:38.088 - Info	Processing Component: OrganizationSettings
2025-03-05 01:58:38.089 - Info	Processing Component: optionsets
2025-03-05 01:58:38.089 - Info	Processing Component: CustomControls
2025-03-05 01:58:38.089 - Info	 - centella.FlowProcess
2025-03-05 01:58:38.089 - Info	Processing Component: SolutionPluginAssemblies
2025-03-05 01:58:38.089 - Info	Processing Component: EntityDataProviders
2025-03-05 01:58:38.089 - Info	Processing Sharded Component Files
2025-03-05 01:58:38.122 - Info	
Managed Pack complete.

2025-03-05 10:41:23.149 - Info	
Packing C:\PFC\Transligra\PCF_FlowProcess\Solution\obj\Release\Metadata to bin\Release\Solution.zip

2025-03-05 10:41:23.158 - Info	Processing Component: Entities
2025-03-05 10:41:23.160 - Info	Processing Component: Roles
2025-03-05 10:41:23.162 - Info	Processing Component: Workflows
2025-03-05 10:41:23.162 - Info	Processing Component: FieldSecurityProfiles
2025-03-05 10:41:23.163 - Info	Processing Component: Templates
2025-03-05 10:41:23.163 - Info	Processing Component: EntityMaps
2025-03-05 10:41:23.164 - Info	Processing Component: EntityRelationships
2025-03-05 10:41:23.166 - Info	Processing Component: OrganizationSettings
2025-03-05 10:41:23.167 - Info	Processing Component: optionsets
2025-03-05 10:41:23.167 - Info	Processing Component: CustomControls
2025-03-05 10:41:23.172 - Info	 - Transligra.FlowProcess
2025-03-05 10:41:23.175 - Info	Processing Component: SolutionPluginAssemblies
2025-03-05 10:41:23.176 - Info	Processing Component: EntityDataProviders
2025-03-05 10:41:23.180 - Info	Processing Sharded Component Files
2025-03-05 10:41:23.195 - Info	
Managed Pack complete.

